<?xml version="1.0" encoding="UTF-8"?>
<!-- Generated by org.testng.reporters.JUnitReportReporter -->
<testsuite hostname="DESKTOP-6QT6AUG" failures="0" tests="1" name="com.alphabet.gmail.TestNG.TC002" time="0.011" errors="0" timestamp="2023-10-12T17:27:53 IST" skipped="0">
  <testcase classname="com.alphabet.gmail.TestNG.TC002" name="testValidLogin" time="0.011"/>
  <system-out>
    <![CDATA[Running testValidLogin method]]>
  </system-out>
</testsuite> <!-- com.alphabet.gmail.TestNG.TC002 -->
