<?xml version="1.0" encoding="UTF-8"?>
<!-- Generated by org.testng.reporters.JUnitReportReporter -->
<testsuite hostname="DESKTOP-6QT6AUG" failures="0" tests="2" name="com.alphabet.gmail.TestNG.TC003" time="0.003" errors="0" timestamp="2023-10-13T12:01:23 IST" skipped="0">
  <testcase classname="com.alphabet.gmail.TestNG.TC003" name="test1" time="0.001"/>
  <system-out>
    <![CDATA[Running test1]]>
  </system-out>
  <testcase classname="com.alphabet.gmail.TestNG.TC003" name="test1" time="0.002"/>
  <system-out>
    <![CDATA[Running test1]]>
  </system-out>
</testsuite> <!-- com.alphabet.gmail.TestNG.TC003 -->
