<?xml version="1.0" encoding="UTF-8"?>
<!-- Generated by org.testng.reporters.JUnitReportReporter -->
<testsuite hostname="DESKTOP-6QT6AUG" failures="0" tests="1" name="com.alphabet.gmail.TestNG.TC010" time="5.972" errors="0" timestamp="2024-06-12T16:57:33 IST" skipped="0">
  <testcase classname="com.alphabet.gmail.TestNG.TC010" name="test1" time="5.972"/>
  <system-out/>
</testsuite> <!-- com.alphabet.gmail.TestNG.TC010 -->
