<?xml version="1.0" encoding="UTF-8"?>
<!-- Generated by org.testng.reporters.JUnitReportReporter -->
<testsuite hostname="DESKTOP-6QT6AUG" failures="0" tests="4" name="com.alphabet.gmail.TestNG.TC006" time="0.013" errors="0" timestamp="2024-06-12T16:32:20 IST" skipped="0">
  <testcase classname="com.alphabet.gmail.TestNG.TC006" name="deleteProject" time="0.001"/>
  <system-out>
    <![CDATA[TC to deleteProject]]>
  </system-out>
  <testcase classname="com.alphabet.gmail.TestNG.TC006" name="createCustomer" time="0.005"/>
  <system-out>
    <![CDATA[TC to createCustomer]]>
  </system-out>
  <testcase classname="com.alphabet.gmail.TestNG.TC006" name="createProject" time="0.002"/>
  <system-out>
    <![CDATA[TC to createProject]]>
  </system-out>
  <testcase classname="com.alphabet.gmail.TestNG.TC006" name="deleteCustomer" time="0.005"/>
  <system-out>
    <![CDATA[TC to deleteCustomer]]>
  </system-out>
</testsuite> <!-- com.alphabet.gmail.TestNG.TC006 -->
