<?xml version="1.0" encoding="UTF-8"?>
<!-- Generated by org.testng.reporters.JUnitReportReporter -->
<testsuite hostname="DESKTOP-6QT6AUG" failures="0" tests="4" name="com.alphabet.gmail.TestNG.TC005" time="0.013" errors="0" timestamp="2023-10-13T13:20:45 IST" skipped="0">
  <testcase classname="com.alphabet.gmail.TestNG.TC005" name="m5" time="0.001"/>
  <system-out>
    <![CDATA[@Test]]>
  </system-out>
  <testcase classname="com.alphabet.gmail.TestNG.TC005" name="m5" time="0.010"/>
  <system-out>
    <![CDATA[@Test]]>
  </system-out>
  <testcase classname="com.alphabet.gmail.TestNG.TC005" name="test1" time="0.002"/>
  <system-out>
    <![CDATA[@Test]]>
  </system-out>
  <testcase classname="com.alphabet.gmail.TestNG.TC005" name="test1" time="0.000"/>
  <system-out>
    <![CDATA[@Test]]>
  </system-out>
</testsuite> <!-- com.alphabet.gmail.TestNG.TC005 -->
