<?xml version="1.0" encoding="UTF-8"?>
<!-- Generated by org.testng.reporters.JUnitReportReporter -->
<testsuite hostname="DESKTOP-6QT6AUG" failures="0" tests="1" name="com.alphabet.gmail.TestNG.TC001" time="0.012" errors="0" timestamp="2023-10-12T12:36:21 IST" skipped="0">
  <testcase classname="com.alphabet.gmail.TestNG.TC001" name="testLogin" time="0.012"/>
  <system-out/>
</testsuite> <!-- com.alphabet.gmail.TestNG.TC001 -->
