<?xml version="1.0" encoding="UTF-8"?>
<!-- Generated by org.testng.reporters.JUnitReportReporter -->
<testsuite hostname="DESKTOP-6QT6AUG" failures="0" tests="3" name="com.alphabet.gmail.TestNG.ExecuteMultipleTCinSingleClass" time="0.016" errors="0" timestamp="2023-10-13T11:50:49 IST" skipped="0">
  <testcase classname="com.alphabet.gmail.TestNG.ExecuteMultipleTCinSingleClass" name="xyz" time="0.014"/>
  <system-out>
    <![CDATA[Running xyz() successfully]]>
  </system-out>
  <testcase classname="com.alphabet.gmail.TestNG.ExecuteMultipleTCinSingleClass" name="abc" time="0.001"/>
  <system-out>
    <![CDATA[Running abc() successfully]]>
  </system-out>
  <testcase classname="com.alphabet.gmail.TestNG.ExecuteMultipleTCinSingleClass" name="ghi" time="0.001"/>
  <system-out>
    <![CDATA[Running ghi() successfully]]>
  </system-out>
</testsuite> <!-- com.alphabet.gmail.TestNG.ExecuteMultipleTCinSingleClass -->
