<?xml version="1.0" encoding="UTF-8"?>
<!-- Generated by org.testng.reporters.JUnitReportReporter -->
<testsuite hostname="DESKTOP-6QT6AUG" failures="0" tests="2" name="com.alphabet.gmail.TestNG.TC004" time="0.010" errors="0" timestamp="2023-10-13T12:01:24 IST" skipped="0">
  <testcase classname="com.alphabet.gmail.TestNG.TC004" name="test2" time="0.009"/>
  <system-out>
    <![CDATA[Running test2]]>
  </system-out>
  <testcase classname="com.alphabet.gmail.TestNG.TC004" name="test2" time="0.001"/>
  <system-out>
    <![CDATA[Running test2]]>
  </system-out>
</testsuite> <!-- com.alphabet.gmail.TestNG.TC004 -->
